======================================================================
 Oblivious Join Complexity (O(N*M)) & Time Log
======================================================================

--- 启动 Join 阶段: Table_A ⨝ Table_B (Pipelined) ---
  [Pairing] Bucket A: 508      | Bucket B: 478      | 扫描次数 (A*B): 242,824     
  [Pairing] Bucket A: 503      | Bucket B: 478      | 扫描次数 (A*B): 240,434     
  [Pairing] Bucket A: 503      | Bucket B: 475      | 扫描次数 (A*B): 238,925     
  [Pairing] Bucket A: 515      | Bucket B: 475      | 扫描次数 (A*B): 244,625     
  [Pairing] Bucket A: 515      | Bucket B: 493      | 扫描次数 (A*B): 253,895     
  [Pairing] Bucket A: 479      | Bucket B: 493      | 扫描次数 (A*B): 236,147     
  [Pairing] Bucket A: 479      | Bucket B: 458      | 扫描次数 (A*B): 219,382     
  [Pairing] Bucket A: 447      | Bucket B: 458      | 扫描次数 (A*B): 204,726     
  [Pairing] Bucket A: 447      | Bucket B: 493      | 扫描次数 (A*B): 220,371     
  [Pairing] Bucket A: 491      | Bucket B: 493      | 扫描次数 (A*B): 242,063     
  [Pairing] Bucket A: 517      | Bucket B: 493      | 扫描次数 (A*B): 254,881     
  [Pairing] Bucket A: 517      | Bucket B: 502      | 扫描次数 (A*B): 259,534     
  [Pairing] Bucket A: 464      | Bucket B: 502      | 扫描次数 (A*B): 232,928     
  [Pairing] Bucket A: 464      | Bucket B: 492      | 扫描次数 (A*B): 228,288     
  [Pairing] Bucket A: 477      | Bucket B: 492      | 扫描次数 (A*B): 234,684     
  [Pairing] Bucket A: 477      | Bucket B: 489      | 扫描次数 (A*B): 233,253     
  [Pairing] Bucket A: 468      | Bucket B: 489      | 扫描次数 (A*B): 228,852     
  [Pairing] Bucket A: 468      | Bucket B: 498      | 扫描次数 (A*B): 233,064     
  [Pairing] Bucket A: 483      | Bucket B: 498      | 扫描次数 (A*B): 240,534     
  [Pairing] Bucket A: 484      | Bucket B: 498      | 扫描次数 (A*B): 241,032     
  [Pairing] Bucket A: 484      | Bucket B: 485      | 扫描次数 (A*B): 234,740     
  [Pairing] Bucket A: 538      | Bucket B: 485      | 扫描次数 (A*B): 260,930     
  [Pairing] Bucket A: 538      | Bucket B: 483      | 扫描次数 (A*B): 259,854     
  [Pairing] Bucket A: 509      | Bucket B: 483      | 扫描次数 (A*B): 245,847     
  [Pairing] Bucket A: 509      | Bucket B: 462      | 扫描次数 (A*B): 235,158     
  [Pairing] Bucket A: 461      | Bucket B: 462      | 扫描次数 (A*B): 212,982     
  [Pairing] Bucket A: 461      | Bucket B: 472      | 扫描次数 (A*B): 217,592     
  [Pairing] Bucket A: 466      | Bucket B: 472      | 扫描次数 (A*B): 219,952     
  [Pairing] Bucket A: 459      | Bucket B: 472      | 扫描次数 (A*B): 216,648     
  [Pairing] Bucket A: 459      | Bucket B: 508      | 扫描次数 (A*B): 233,172     
  [Pairing] Bucket A: 508      | Bucket B: 508      | 扫描次数 (A*B): 258,064     
  [Pairing] Bucket A: 508      | Bucket B: 480      | 扫描次数 (A*B): 243,840     
  [Pairing] Bucket A: 515      | Bucket B: 480      | 扫描次数 (A*B): 247,200     
  [Pairing] Bucket A: 515      | Bucket B: 491      | 扫描次数 (A*B): 252,865     
  [Pairing] Bucket A: 522      | Bucket B: 491      | 扫描次数 (A*B): 256,302     
  [Pairing] Bucket A: 522      | Bucket B: 450      | 扫描次数 (A*B): 234,900     
  [Pairing] Bucket A: 474      | Bucket B: 450      | 扫描次数 (A*B): 213,300     
  [Pairing] Bucket A: 457      | Bucket B: 450      | 扫描次数 (A*B): 205,650     
  [Pairing] Bucket A: 457      | Bucket B: 446      | 扫描次数 (A*B): 203,822     
  [Pairing] Bucket A: 469      | Bucket B: 446      | 扫描次数 (A*B): 209,174     
  [Pairing] Bucket A: 469      | Bucket B: 505      | 扫描次数 (A*B): 236,845     
  [Pairing] Bucket A: 513      | Bucket B: 505      | 扫描次数 (A*B): 259,065     
  [Pairing] Bucket A: 513      | Bucket B: 511      | 扫描次数 (A*B): 262,143     
  [Pairing] Bucket A: 498      | Bucket B: 511      | 扫描次数 (A*B): 254,478     
  [Pairing] Bucket A: 498      | Bucket B: 508      | 扫描次数 (A*B): 252,984     
  [Pairing] Bucket A: 497      | Bucket B: 508      | 扫描次数 (A*B): 252,476     
  [Pairing] Bucket A: 509      | Bucket B: 508      | 扫描次数 (A*B): 258,572     
  [Pairing] Bucket A: 509      | Bucket B: 501      | 扫描次数 (A*B): 255,009     
  [Pairing] Bucket A: 479      | Bucket B: 501      | 扫描次数 (A*B): 239,979     
  [Pairing] Bucket A: 479      | Bucket B: 477      | 扫描次数 (A*B): 228,483     
  [Pairing] Bucket A: 492      | Bucket B: 477      | 扫描次数 (A*B): 234,684     
  [Pairing] Bucket A: 492      | Bucket B: 466      | 扫描次数 (A*B): 229,272     
  [Pairing] Bucket A: 459      | Bucket B: 466      | 扫描次数 (A*B): 213,894     
  [Pairing] Bucket A: 459      | Bucket B: 464      | 扫描次数 (A*B): 212,976     
  [Pairing] Bucket A: 469      | Bucket B: 464      | 扫描次数 (A*B): 217,616     
  [Pairing] Bucket A: 469      | Bucket B: 496      | 扫描次数 (A*B): 232,624     
  [Pairing] Bucket A: 500      | Bucket B: 496      | 扫描次数 (A*B): 248,000     
  [Pairing] Bucket A: 512      | Bucket B: 496      | 扫描次数 (A*B): 253,952     
  [Pairing] Bucket A: 512      | Bucket B: 508      | 扫描次数 (A*B): 260,096     
  [Pairing] Bucket A: 461      | Bucket B: 508      | 扫描次数 (A*B): 234,188     
  [Pairing] Bucket A: 461      | Bucket B: 496      | 扫描次数 (A*B): 228,656     
  [Pairing] Bucket A: 537      | Bucket B: 496      | 扫描次数 (A*B): 266,352     
  [Pairing] Bucket A: 537      | Bucket B: 470      | 扫描次数 (A*B): 252,390     
  [Pairing] Bucket A: 473      | Bucket B: 470      | 扫描次数 (A*B): 222,310     
  [Pairing] Bucket A: 473      | Bucket B: 515      | 扫描次数 (A*B): 243,595     
  [Pairing] Bucket A: 506      | Bucket B: 515      | 扫描次数 (A*B): 260,590     
  [Pairing] Bucket A: 507      | Bucket B: 515      | 扫描次数 (A*B): 261,105     
  [Pairing] Bucket A: 507      | Bucket B: 489      | 扫描次数 (A*B): 247,923     
  [Pairing] Bucket A: 484      | Bucket B: 489      | 扫描次数 (A*B): 236,676     
  [Pairing] Bucket A: 484      | Bucket B: 521      | 扫描次数 (A*B): 252,164     
  [Pairing] Bucket A: 527      | Bucket B: 521      | 扫描次数 (A*B): 274,567     
  [Pairing] Bucket A: 527      | Bucket B: 448      | 扫描次数 (A*B): 236,096     
  [Pairing] Bucket A: 446      | Bucket B: 448      | 扫描次数 (A*B): 199,808     
  [Pairing] Bucket A: 446      | Bucket B: 474      | 扫描次数 (A*B): 211,404     
  [Pairing] Bucket A: 472      | Bucket B: 474      | 扫描次数 (A*B): 223,728     
  [Pairing] Bucket A: 504      | Bucket B: 474      | 扫描次数 (A*B): 238,896     
  [Pairing] Bucket A: 504      | Bucket B: 497      | 扫描次数 (A*B): 250,488     
  [Pairing] Bucket A: 528      | Bucket B: 497      | 扫描次数 (A*B): 262,416     
  [Pairing] Bucket A: 528      | Bucket B: 489      | 扫描次数 (A*B): 258,192     
  [Pairing] Bucket A: 460      | Bucket B: 489      | 扫描次数 (A*B): 224,940     
  [Pairing] Bucket A: 460      | Bucket B: 478      | 扫描次数 (A*B): 219,880     
  [Pairing] Bucket A: 483      | Bucket B: 478      | 扫描次数 (A*B): 230,874     
  [Pairing] Bucket A: 454      | Bucket B: 478      | 扫描次数 (A*B): 217,012     
  [Pairing] Bucket A: 454      | Bucket B: 506      | 扫描次数 (A*B): 229,724     
  [Pairing] Bucket A: 507      | Bucket B: 506      | 扫描次数 (A*B): 256,542     
  [Pairing] Bucket A: 507      | Bucket B: 505      | 扫描次数 (A*B): 256,035     
  [Pairing] Bucket A: 522      | Bucket B: 505      | 扫描次数 (A*B): 263,610     
  [Pairing] Bucket A: 522      | Bucket B: 512      | 扫描次数 (A*B): 267,264     
  [Pairing] Bucket A: 503      | Bucket B: 512      | 扫描次数 (A*B): 257,536     
  [Pairing] Bucket A: 503      | Bucket B: 499      | 扫描次数 (A*B): 250,997     
  [Pairing] Bucket A: 485      | Bucket B: 499      | 扫描次数 (A*B): 242,015     
  [Pairing] Bucket A: 480      | Bucket B: 499      | 扫描次数 (A*B): 239,520     
  [Pairing] Bucket A: 480      | Bucket B: 493      | 扫描次数 (A*B): 236,640     
  [Pairing] Bucket A: 479      | Bucket B: 493      | 扫描次数 (A*B): 236,147     
  [Pairing] Bucket A: 479      | Bucket B: 485      | 扫描次数 (A*B): 232,315     
  [Pairing] Bucket A: 494      | Bucket B: 485      | 扫描次数 (A*B): 239,590     
  [Pairing] Bucket A: 494      | Bucket B: 534      | 扫描次数 (A*B): 263,796     
  [Pairing] Bucket A: 497      | Bucket B: 534      | 扫描次数 (A*B): 265,398     
  [Pairing] Bucket A: 506      | Bucket B: 467      | 扫描次数 (A*B): 236,302     
  [Pairing] Bucket A: 471      | Bucket B: 467      | 扫描次数 (A*B): 219,957     
  [Pairing] Bucket A: 471      | Bucket B: 471      | 扫描次数 (A*B): 221,841     
  [Pairing] Bucket A: 506      | Bucket B: 471      | 扫描次数 (A*B): 238,326     
  [Pairing] Bucket A: 506      | Bucket B: 521      | 扫描次数 (A*B): 263,626     
  [Pairing] Bucket A: 531      | Bucket B: 521      | 扫描次数 (A*B): 276,651     
  [Pairing] Bucket A: 531      | Bucket B: 508      | 扫描次数 (A*B): 269,748     
  [Pairing] Bucket A: 485      | Bucket B: 508      | 扫描次数 (A*B): 246,380     
  [Pairing] Bucket A: 485      | Bucket B: 470      | 扫描次数 (A*B): 227,950     
  [Pairing] Bucket A: 485      | Bucket B: 470      | 扫描次数 (A*B): 227,950     
  [Pairing] Bucket A: 470      | Bucket B: 470      | 扫描次数 (A*B): 220,900     
  [Pairing] Bucket A: 470      | Bucket B: 461      | 扫描次数 (A*B): 216,670     
  [Pairing] Bucket A: 504      | Bucket B: 461      | 扫描次数 (A*B): 232,344     
  [Pairing] Bucket A: 504      | Bucket B: 470      | 扫描次数 (A*B): 236,880     
  [Pairing] Bucket A: 511      | Bucket B: 470      | 扫描次数 (A*B): 240,170     
  [Pairing] Bucket A: 511      | Bucket B: 519      | 扫描次数 (A*B): 265,209     
  [Pairing] Bucket A: 481      | Bucket B: 519      | 扫描次数 (A*B): 249,639     
  [Pairing] Bucket A: 481      | Bucket B: 473      | 扫描次数 (A*B): 227,513     
  [Pairing] Bucket A: 493      | Bucket B: 473      | 扫描次数 (A*B): 233,189     
  [Pairing] Bucket A: 493      | Bucket B: 505      | 扫描次数 (A*B): 248,965     
  [Pairing] Bucket A: 501      | Bucket B: 505      | 扫描次数 (A*B): 253,005     
  [Pairing] Bucket A: 501      | Bucket B: 520      | 扫描次数 (A*B): 260,520     
  [Pairing] Bucket A: 506      | Bucket B: 520      | 扫描次数 (A*B): 263,120     
  [Pairing] Bucket A: 499      | Bucket B: 520      | 扫描次数 (A*B): 259,480     
  [Pairing] Bucket A: 499      | Bucket B: 507      | 扫描次数 (A*B): 252,993     
  [Pairing] Bucket A: 500      | Bucket B: 507      | 扫描次数 (A*B): 253,500     
  [Pairing] Bucket A: 500      | Bucket B: 465      | 扫描次数 (A*B): 232,500     
  [Pairing] Bucket A: 433      | Bucket B: 465      | 扫描次数 (A*B): 201,345     
  [Pairing] Bucket A: 433      | Bucket B: 450      | 扫描次数 (A*B): 194,850     
  [Pairing] Bucket A: 470      | Bucket B: 450      | 扫描次数 (A*B): 211,500     
  [Pairing] Bucket A: 474      | Bucket B: 450      | 扫描次数 (A*B): 213,300     
  [Pairing] Bucket A: 474      | Bucket B: 472      | 扫描次数 (A*B): 223,728     
  [Pairing] Bucket A: 496      | Bucket B: 472      | 扫描次数 (A*B): 234,112     
  [Pairing] Bucket A: 496      | Bucket B: 495      | 扫描次数 (A*B): 245,520     
  [Pairing] Bucket A: 518      | Bucket B: 495      | 扫描次数 (A*B): 256,410     
  [Pairing] Bucket A: 518      | Bucket B: 482      | 扫描次数 (A*B): 249,676     
  [Pairing] Bucket A: 466      | Bucket B: 482      | 扫描次数 (A*B): 224,612     
  [Pairing] Bucket A: 466      | Bucket B: 497      | 扫描次数 (A*B): 231,602     
  [Pairing] Bucket A: 492      | Bucket B: 497      | 扫描次数 (A*B): 244,524     
  [Pairing] Bucket A: 492      | Bucket B: 461      | 扫描次数 (A*B): 226,812     
  [Pairing] Bucket A: 501      | Bucket B: 461      | 扫描次数 (A*B): 230,961     
  [Pairing] Bucket A: 469      | Bucket B: 461      | 扫描次数 (A*B): 216,209     
  [Pairing] Bucket A: 469      | Bucket B: 483      | 扫描次数 (A*B): 226,527     
  [Pairing] Bucket A: 471      | Bucket B: 483      | 扫描次数 (A*B): 227,493     
  [Pairing] Bucket A: 471      | Bucket B: 516      | 扫描次数 (A*B): 243,036     
  [Pairing] Bucket A: 528      | Bucket B: 516      | 扫描次数 (A*B): 272,448     
  [Pairing] Bucket A: 528      | Bucket B: 505      | 扫描次数 (A*B): 266,640     
  [Pairing] Bucket A: 504      | Bucket B: 505      | 扫描次数 (A*B): 254,520     
  [Pairing] Bucket A: 513      | Bucket B: 505      | 扫描次数 (A*B): 259,065     
  [Pairing] Bucket A: 513      | Bucket B: 478      | 扫描次数 (A*B): 245,214     
  [Pairing] Bucket A: 501      | Bucket B: 478      | 扫描次数 (A*B): 239,478     
  [Pairing] Bucket A: 501      | Bucket B: 510      | 扫描次数 (A*B): 255,510     
  [Pairing] Bucket A: 509      | Bucket B: 510      | 扫描次数 (A*B): 259,590     
  [Pairing] Bucket A: 509      | Bucket B: 520      | 扫描次数 (A*B): 264,680     
  [Pairing] Bucket A: 505      | Bucket B: 520      | 扫描次数 (A*B): 262,600     
  [Pairing] Bucket A: 505      | Bucket B: 510      | 扫描次数 (A*B): 257,550     
  [Pairing] Bucket A: 518      | Bucket B: 510      | 扫描次数 (A*B): 264,180     
  [Pairing] Bucket A: 499      | Bucket B: 510      | 扫描次数 (A*B): 254,490     
  [Pairing] Bucket A: 499      | Bucket B: 489      | 扫描次数 (A*B): 244,011     
  [Pairing] Bucket A: 498      | Bucket B: 489      | 扫描次数 (A*B): 243,522     
  [Pairing] Bucket A: 498      | Bucket B: 502      | 扫描次数 (A*B): 249,996     
  [Pairing] Bucket A: 520      | Bucket B: 502      | 扫描次数 (A*B): 261,040     
  [Pairing] Bucket A: 520      | Bucket B: 502      | 扫描次数 (A*B): 261,040     
  [Pairing] Bucket A: 485      | Bucket B: 502      | 扫描次数 (A*B): 243,470     
  [Pairing] Bucket A: 485      | Bucket B: 448      | 扫描次数 (A*B): 217,280     
  [Pairing] Bucket A: 462      | Bucket B: 448      | 扫描次数 (A*B): 206,976     
  [Pairing] Bucket A: 462      | Bucket B: 493      | 扫描次数 (A*B): 227,766     
  [Pairing] Bucket A: 505      | Bucket B: 493      | 扫描次数 (A*B): 248,965     
  [Pairing] Bucket A: 503      | Bucket B: 493      | 扫描次数 (A*B): 247,979     
  [Pairing] Bucket A: 503      | Bucket B: 501      | 扫描次数 (A*B): 252,003     
  [Pairing] Bucket A: 498      | Bucket B: 501      | 扫描次数 (A*B): 249,498     
  [Pairing] Bucket A: 498      | Bucket B: 516      | 扫描次数 (A*B): 256,968     
  [Pairing] Bucket A: 508      | Bucket B: 516      | 扫描次数 (A*B): 262,128     
  [Pairing] Bucket A: 508      | Bucket B: 496      | 扫描次数 (A*B): 251,968     
  [Pairing] Bucket A: 464      | Bucket B: 496      | 扫描次数 (A*B): 230,144     
  [Pairing] Bucket A: 464      | Bucket B: 478      | 扫描次数 (A*B): 221,792     
  [Pairing] Bucket A: 441      | Bucket B: 478      | 扫描次数 (A*B): 210,798     
  [Pairing] Bucket A: 498      | Bucket B: 478      | 扫描次数 (A*B): 238,044     
  [Pairing] Bucket A: 498      | Bucket B: 501      | 扫描次数 (A*B): 249,498     
  [Pairing] Bucket A: 486      | Bucket B: 501      | 扫描次数 (A*B): 243,486     
  [Pairing] Bucket A: 486      | Bucket B: 514      | 扫描次数 (A*B): 249,804     
  [Pairing] Bucket A: 512      | Bucket B: 514      | 扫描次数 (A*B): 263,168     
  [Pairing] Bucket A: 512      | Bucket B: 495      | 扫描次数 (A*B): 253,440     
  [Pairing] Bucket A: 497      | Bucket B: 495      | 扫描次数 (A*B): 246,015     
  [Pairing] Bucket A: 497      | Bucket B: 481      | 扫描次数 (A*B): 239,057     
  [Pairing] Bucket A: 482      | Bucket B: 481      | 扫描次数 (A*B): 231,842     
  [Pairing] Bucket A: 452      | Bucket B: 481      | 扫描次数 (A*B): 217,412     
  [Pairing] Bucket A: 452      | Bucket B: 503      | 扫描次数 (A*B): 227,356     
  [Pairing] Bucket A: 490      | Bucket B: 503      | 扫描次数 (A*B): 246,470     
  [Pairing] Bucket A: 490      | Bucket B: 519      | 扫描次数 (A*B): 254,310     
  [Pairing] Bucket A: 511      | Bucket B: 519      | 扫描次数 (A*B): 265,209     
  [Pairing] Bucket A: 511      | Bucket B: 512      | 扫描次数 (A*B): 261,632     
  [Pairing] Bucket A: 500      | Bucket B: 512      | 扫描次数 (A*B): 256,000     
  [Pairing] Bucket A: 500      | Bucket B: 497      | 扫描次数 (A*B): 248,500     
  [Pairing] Bucket A: 514      | Bucket B: 497      | 扫描次数 (A*B): 255,458     
  [Pairing] Bucket A: 508      | Bucket B: 497      | 扫描次数 (A*B): 252,476     
  [Pairing] Bucket A: 508      | Bucket B: 499      | 扫描次数 (A*B): 253,492     
  [Pairing] Bucket A: 495      | Bucket B: 499      | 扫描次数 (A*B): 247,005     
  [Pairing] Bucket A: 495      | Bucket B: 488      | 扫描次数 (A*B): 241,560     
  [Pairing] Bucket A: 504      | Bucket B: 488      | 扫描次数 (A*B): 245,952     
  [Pairing] Bucket A: 504      | Bucket B: 513      | 扫描次数 (A*B): 258,552     
  [Pairing] Bucket A: 475      | Bucket B: 513      | 扫描次数 (A*B): 243,675     
  [Pairing] Bucket A: 475      | Bucket B: 470      | 扫描次数 (A*B): 223,250     
  [Pairing] Bucket A: 458      | Bucket B: 470      | 扫描次数 (A*B): 215,260     
  [Pairing] Bucket A: 459      | Bucket B: 470      | 扫描次数 (A*B): 215,730     
  [Pairing] Bucket A: 459      | Bucket B: 462      | 扫描次数 (A*B): 212,058     
  [Pairing] Bucket A: 477      | Bucket B: 462      | 扫描次数 (A*B): 220,374     
  [Pairing] Bucket A: 477      | Bucket B: 486      | 扫描次数 (A*B): 231,822     
  [Pairing] Bucket A: 479      | Bucket B: 486      | 扫描次数 (A*B): 232,794     
  [Pairing] Bucket A: 479      | Bucket B: 455      | 扫描次数 (A*B): 217,945     
  [Pairing] Bucket A: 470      | Bucket B: 455      | 扫描次数 (A*B): 213,850     
  [Pairing] Bucket A: 470      | Bucket B: 487      | 扫描次数 (A*B): 228,890     
  [Pairing] Bucket A: 452      | Bucket B: 487      | 扫描次数 (A*B): 220,124     
  [Pairing] Bucket A: 510      | Bucket B: 487      | 扫描次数 (A*B): 248,370     
  [Pairing] Bucket A: 510      | Bucket B: 479      | 扫描次数 (A*B): 244,290     
  [Pairing] Bucket A: 504      | Bucket B: 479      | 扫描次数 (A*B): 241,416     
  [Pairing] Bucket A: 504      | Bucket B: 510      | 扫描次数 (A*B): 257,040     
  [Pairing] Bucket A: 508      | Bucket B: 510      | 扫描次数 (A*B): 259,080     
  [Pairing] Bucket A: 508      | Bucket B: 510      | 扫描次数 (A*B): 259,080     
  [Pairing] Bucket A: 490      | Bucket B: 510      | 扫描次数 (A*B): 249,900     
  [Pairing] Bucket A: 504      | Bucket B: 510      | 扫描次数 (A*B): 257,040     
  [Pairing] Bucket A: 504      | Bucket B: 480      | 扫描次数 (A*B): 241,920     
  [Pairing] Bucket A: 486      | Bucket B: 480      | 扫描次数 (A*B): 233,280     
  [Pairing] Bucket A: 486      | Bucket B: 509      | 扫描次数 (A*B): 247,374     
  [Pairing] Bucket A: 501      | Bucket B: 509      | 扫描次数 (A*B): 255,009     
  [Pairing] Bucket A: 501      | Bucket B: 519      | 扫描次数 (A*B): 260,019     
  [Pairing] Bucket A: 516      | Bucket B: 519      | 扫描次数 (A*B): 267,804     
  [Pairing] Bucket A: 516      | Bucket B: 465      | 扫描次数 (A*B): 239,940     
  [Pairing] Bucket A: 462      | Bucket B: 465      | 扫描次数 (A*B): 214,830     
  [Pairing] Bucket A: 500      | Bucket B: 465      | 扫描次数 (A*B): 232,500     
  [Pairing] Bucket A: 500      | Bucket B: 510      | 扫描次数 (A*B): 255,000     
  [Pairing] Bucket A: 505      | Bucket B: 510      | 扫描次数 (A*B): 257,550     
  [Pairing] Bucket A: 505      | Bucket B: 475      | 扫描次数 (A*B): 239,875     
  [Pairing] Bucket A: 505      | Bucket B: 475      | 扫描次数 (A*B): 239,875     
  [Pairing] Bucket A: 505      | Bucket B: 501      | 扫描次数 (A*B): 253,005     
  [Pairing] Bucket A: 536      | Bucket B: 501      | 扫描次数 (A*B): 268,536     
  [Pairing] Bucket A: 536      | Bucket B: 491      | 扫描次数 (A*B): 263,176     
  [Pairing] Bucket A: 478      | Bucket B: 491      | 扫描次数 (A*B): 234,698     
  [Pairing] Bucket A: 478      | Bucket B: 510      | 扫描次数 (A*B): 243,780     
  [Pairing] Bucket A: 490      | Bucket B: 510      | 扫描次数 (A*B): 249,900     
  [Pairing] Bucket A: 507      | Bucket B: 510      | 扫描次数 (A*B): 258,570     
  [Pairing] Bucket A: 507      | Bucket B: 489      | 扫描次数 (A*B): 247,923     
  [Pairing] Bucket A: 513      | Bucket B: 489      | 扫描次数 (A*B): 250,857     
  [Pairing] Bucket A: 513      | Bucket B: 487      | 扫描次数 (A*B): 249,831     
  [Pairing] Bucket A: 451      | Bucket B: 487      | 扫描次数 (A*B): 219,637     
  [Pairing] Bucket A: 451      | Bucket B: 459      | 扫描次数 (A*B): 207,009     
  [Pairing] Bucket A: 450      | Bucket B: 459      | 扫描次数 (A*B): 206,550     
  [Pairing] Bucket A: 477      | Bucket B: 459      | 扫描次数 (A*B): 218,943     
  [Pairing] Bucket A: 477      | Bucket B: 496      | 扫描次数 (A*B): 236,592     
  [Pairing] Bucket A: 495      | Bucket B: 496      | 扫描次数 (A*B): 245,520     
  [Pairing] Bucket A: 495      | Bucket B: 506      | 扫描次数 (A*B): 250,470     
  [Pairing] Bucket A: 498      | Bucket B: 506      | 扫描次数 (A*B): 251,988     
  [Pairing] Bucket A: 498      | Bucket B: 503      | 扫描次数 (A*B): 250,494     
  [Pairing] Bucket A: 515      | Bucket B: 503      | 扫描次数 (A*B): 259,045     
  [Pairing] Bucket A: 515      | Bucket B: 445      | 扫描次数 (A*B): 229,175     
  [Pairing] Bucket A: 453      | Bucket B: 445      | 扫描次数 (A*B): 201,585     
  [Pairing] Bucket A: 512      | Bucket B: 445      | 扫描次数 (A*B): 227,840     
  [Pairing] Bucket A: 512      | Bucket B: 489      | 扫描次数 (A*B): 250,368     
  [Pairing] Bucket A: 569      | Bucket B: 489      | 扫描次数 (A*B): 278,241     
  [Pairing] Bucket A: 569      | Bucket B: 499      | 扫描次数 (A*B): 283,931     
  [Pairing] Bucket A: 515      | Bucket B: 499      | 扫描次数 (A*B): 256,985     
  [Pairing] Bucket A: 515      | Bucket B: 503      | 扫描次数 (A*B): 259,045     
  [Pairing] Bucket A: 502      | Bucket B: 503      | 扫描次数 (A*B): 252,506     
  [Pairing] Bucket A: 502      | Bucket B: 464      | 扫描次数 (A*B): 232,928     
  [Pairing] Bucket A: 440      | Bucket B: 464      | 扫描次数 (A*B): 204,160     
  [Pairing] Bucket A: 440      | Bucket B: 508      | 扫描次数 (A*B): 223,520     
  [Pairing] Bucket A: 512      | Bucket B: 508      | 扫描次数 (A*B): 260,096     
  [Pairing] Bucket A: 506      | Bucket B: 508      | 扫描次数 (A*B): 257,048     
  [Pairing] Bucket A: 506      | Bucket B: 495      | 扫描次数 (A*B): 250,470     
  [Pairing] Bucket A: 521      | Bucket B: 495      | 扫描次数 (A*B): 257,895     
  [Pairing] Bucket A: 521      | Bucket B: 501      | 扫描次数 (A*B): 261,021     
  [Pairing] Bucket A: 521      | Bucket B: 501      | 扫描次数 (A*B): 261,021     
  [Pairing] Bucket A: 521      | Bucket B: 459      | 扫描次数 (A*B): 239,139     
  [Pairing] Bucket A: 465      | Bucket B: 459      | 扫描次数 (A*B): 213,435     
  [Pairing] Bucket A: 465      | Bucket B: 466      | 扫描次数 (A*B): 216,690     
  [Pairing] Bucket A: 465      | Bucket B: 466      | 扫描次数 (A*B): 216,690     
  [Pairing] Bucket A: 465      | Bucket B: 480      | 扫描次数 (A*B): 223,200     
  [Pairing] Bucket A: 499      | Bucket B: 480      | 扫描次数 (A*B): 239,520     
  [Pairing] Bucket A: 501      | Bucket B: 480      | 扫描次数 (A*B): 240,480     
  [Pairing] Bucket A: 501      | Bucket B: 509      | 扫描次数 (A*B): 255,009     
  [Pairing] Bucket A: 515      | Bucket B: 509      | 扫描次数 (A*B): 262,135     
  [Pairing] Bucket A: 515      | Bucket B: 491      | 扫描次数 (A*B): 252,865     
  [Pairing] Bucket A: 499      | Bucket B: 491      | 扫描次数 (A*B): 245,009     
  [Pairing] Bucket A: 499      | Bucket B: 489      | 扫描次数 (A*B): 244,011     
  [Pairing] Bucket A: 475      | Bucket B: 489      | 扫描次数 (A*B): 232,275     
  [Pairing] Bucket A: 475      | Bucket B: 470      | 扫描次数 (A*B): 223,250     
  [Pairing] Bucket A: 503      | Bucket B: 470      | 扫描次数 (A*B): 236,410     
  [Pairing] Bucket A: 517      | Bucket B: 513      | 扫描次数 (A*B): 265,221     
  [Pairing] Bucket A: 497      | Bucket B: 513      | 扫描次数 (A*B): 254,961     
  [Pairing] Bucket A: 497      | Bucket B: 485      | 扫描次数 (A*B): 241,045     
  [Pairing] Bucket A: 487      | Bucket B: 485      | 扫描次数 (A*B): 236,195     
  [Pairing] Bucket A: 487      | Bucket B: 456      | 扫描次数 (A*B): 222,072     
  [Pairing] Bucket A: 519      | Bucket B: 456      | 扫描次数 (A*B): 236,664     
  [Pairing] Bucket A: 519      | Bucket B: 495      | 扫描次数 (A*B): 256,905     
  [Pairing] Bucket A: 481      | Bucket B: 495      | 扫描次数 (A*B): 238,095     
  [Pairing] Bucket A: 481      | Bucket B: 511      | 扫描次数 (A*B): 245,791     
  [Pairing] Bucket A: 528      | Bucket B: 511      | 扫描次数 (A*B): 269,808     
  [Pairing] Bucket A: 500      | Bucket B: 511      | 扫描次数 (A*B): 255,500     
  [Pairing] Bucket A: 500      | Bucket B: 518      | 扫描次数 (A*B): 259,000     
  [Pairing] Bucket A: 494      | Bucket B: 518      | 扫描次数 (A*B): 255,892     
  [Pairing] Bucket A: 494      | Bucket B: 505      | 扫描次数 (A*B): 249,470     
  [Pairing] Bucket A: 510      | Bucket B: 505      | 扫描次数 (A*B): 257,550     
  [Pairing] Bucket A: 510      | Bucket B: 513      | 扫描次数 (A*B): 261,630     
  [Pairing] Bucket A: 533      | Bucket B: 513      | 扫描次数 (A*B): 273,429     
  [Pairing] Bucket A: 533      | Bucket B: 460      | 扫描次数 (A*B): 245,180     
  [Pairing] Bucket A: 518      | Bucket B: 460      | 扫描次数 (A*B): 238,280     
  [Pairing] Bucket A: 518      | Bucket B: 492      | 扫描次数 (A*B): 254,856     
  [Pairing] Bucket A: 498      | Bucket B: 492      | 扫描次数 (A*B): 245,016     
  [Pairing] Bucket A: 511      | Bucket B: 492      | 扫描次数 (A*B): 251,412     
  [Pairing] Bucket A: 511      | Bucket B: 436      | 扫描次数 (A*B): 222,796     
  [Pairing] Bucket A: 510      | Bucket B: 436      | 扫描次数 (A*B): 222,360     
  [Pairing] Bucket A: 510      | Bucket B: 517      | 扫描次数 (A*B): 263,670     
  [Pairing] Bucket A: 489      | Bucket B: 517      | 扫描次数 (A*B): 252,813     
  [Pairing] Bucket A: 489      | Bucket B: 472      | 扫描次数 (A*B): 230,808     
  [Pairing] Bucket A: 497      | Bucket B: 472      | 扫描次数 (A*B): 234,584     
  [Pairing] Bucket A: 497      | Bucket B: 468      | 扫描次数 (A*B): 232,596     
  [Pairing] Bucket A: 449      | Bucket B: 468      | 扫描次数 (A*B): 210,132     
  [Pairing] Bucket A: 449      | Bucket B: 502      | 扫描次数 (A*B): 225,398     
  [Pairing] Bucket A: 467      | Bucket B: 502      | 扫描次数 (A*B): 234,434     
  [Pairing] Bucket A: 504      | Bucket B: 502      | 扫描次数 (A*B): 253,008     
  [Pairing] Bucket A: 504      | Bucket B: 484      | 扫描次数 (A*B): 243,936     
  [Pairing] Bucket A: 483      | Bucket B: 484      | 扫描次数 (A*B): 233,772     
  [Pairing] Bucket A: 483      | Bucket B: 479      | 扫描次数 (A*B): 231,357     
  [Pairing] Bucket A: 519      | Bucket B: 479      | 扫描次数 (A*B): 248,601     
  [Pairing] Bucket A: 519      | Bucket B: 484      | 扫描次数 (A*B): 251,196     
  [Pairing] Bucket A: 449      | Bucket B: 484      | 扫描次数 (A*B): 217,316     
  [Pairing] Bucket A: 449      | Bucket B: 470      | 扫描次数 (A*B): 211,030     
  [Pairing] Bucket A: 442      | Bucket B: 470      | 扫描次数 (A*B): 207,740     
  [Pairing] Bucket A: 489      | Bucket B: 470      | 扫描次数 (A*B): 229,830     
  [Pairing] Bucket A: 489      | Bucket B: 499      | 扫描次数 (A*B): 244,011     
  [Pairing] Bucket A: 530      | Bucket B: 499      | 扫描次数 (A*B): 264,470     
  [Pairing] Bucket A: 530      | Bucket B: 493      | 扫描次数 (A*B): 261,290     
  [Pairing] Bucket A: 479      | Bucket B: 493      | 扫描次数 (A*B): 236,147     
  [Pairing] Bucket A: 479      | Bucket B: 473      | 扫描次数 (A*B): 226,567     
  [Pairing] Bucket A: 494      | Bucket B: 473      | 扫描次数 (A*B): 233,662     
  [Pairing] Bucket A: 494      | Bucket B: 500      | 扫描次数 (A*B): 247,000     
  [Pairing] Bucket A: 468      | Bucket B: 500      | 扫描次数 (A*B): 234,000     
  [Pairing] Bucket A: 495      | Bucket B: 500      | 扫描次数 (A*B): 247,500     
  [Pairing] Bucket A: 495      | Bucket B: 502      | 扫描次数 (A*B): 248,490     
  [Pairing] Bucket A: 483      | Bucket B: 502      | 扫描次数 (A*B): 242,466     
  [Pairing] Bucket A: 483      | Bucket B: 519      | 扫描次数 (A*B): 250,677     
  [Pairing] Bucket A: 508      | Bucket B: 519      | 扫描次数 (A*B): 263,652     
  [Pairing] Bucket A: 508      | Bucket B: 496      | 扫描次数 (A*B): 251,968     
  [Pairing] Bucket A: 471      | Bucket B: 496      | 扫描次数 (A*B): 233,616     
  [Pairing] Bucket A: 448      | Bucket B: 496      | 扫描次数 (A*B): 222,208     
  [Pairing] Bucket A: 448      | Bucket B: 514      | 扫描次数 (A*B): 230,272     
  [Pairing] Bucket A: 444      | Bucket B: 514      | 扫描次数 (A*B): 228,216     
  [Pairing] Bucket A: 444      | Bucket B: 483      | 扫描次数 (A*B): 214,452     
  [Pairing] Bucket A: 503      | Bucket B: 483      | 扫描次数 (A*B): 242,949     
  [Pairing] Bucket A: 503      | Bucket B: 490      | 扫描次数 (A*B): 246,470     
  [Pairing] Bucket A: 514      | Bucket B: 490      | 扫描次数 (A*B): 251,860     
  [Pairing] Bucket A: 490      | Bucket B: 490      | 扫描次数 (A*B): 240,100     
  [Pairing] Bucket A: 490      | Bucket B: 506      | 扫描次数 (A*B): 247,940     
  [Pairing] Bucket A: 511      | Bucket B: 506      | 扫描次数 (A*B): 258,566     
  [Pairing] Bucket A: 511      | Bucket B: 479      | 扫描次数 (A*B): 244,769     
  [Pairing] Bucket A: 483      | Bucket B: 479      | 扫描次数 (A*B): 231,357     
  [Pairing] Bucket A: 483      | Bucket B: 503      | 扫描次数 (A*B): 242,949     
  [Pairing] Bucket A: 496      | Bucket B: 503      | 扫描次数 (A*B): 249,488     
  [Pairing] Bucket A: 496      | Bucket B: 504      | 扫描次数 (A*B): 249,984     
  [Pairing] Bucket A: 504      | Bucket B: 504      | 扫描次数 (A*B): 254,016     
  [Pairing] Bucket A: 504      | Bucket B: 450      | 扫描次数 (A*B): 226,800     
  [Pairing] Bucket A: 459      | Bucket B: 450      | 扫描次数 (A*B): 206,550     
  [Pairing] Bucket A: 477      | Bucket B: 450      | 扫描次数 (A*B): 214,650     
  [Pairing] Bucket A: 477      | Bucket B: 458      | 扫描次数 (A*B): 218,466     
  [Pairing] Bucket A: 470      | Bucket B: 458      | 扫描次数 (A*B): 215,260     
  [Pairing] Bucket A: 470      | Bucket B: 490      | 扫描次数 (A*B): 230,300     
  [Pairing] Bucket A: 515      | Bucket B: 490      | 扫描次数 (A*B): 252,350     
  [Pairing] Bucket A: 515      | Bucket B: 477      | 扫描次数 (A*B): 245,655     
  [Pairing] Bucket A: 492      | Bucket B: 477      | 扫描次数 (A*B): 234,684     
  [Pairing] Bucket A: 492      | Bucket B: 494      | 扫描次数 (A*B): 243,048     
  [Pairing] Bucket A: 487      | Bucket B: 494      | 扫描次数 (A*B): 240,578     
  [Pairing] Bucket A: 462      | Bucket B: 494      | 扫描次数 (A*B): 228,228     
  [Pairing] Bucket A: 462      | Bucket B: 450      | 扫描次数 (A*B): 207,900     
  [Pairing] Bucket A: 447      | Bucket B: 450      | 扫描次数 (A*B): 201,150     
  [Pairing] Bucket A: 447      | Bucket B: 474      | 扫描次数 (A*B): 211,878     
  [Pairing] Bucket A: 494      | Bucket B: 474      | 扫描次数 (A*B): 234,156     
  [Pairing] Bucket A: 494      | Bucket B: 487      | 扫描次数 (A*B): 240,578     
  [Pairing] Bucket A: 525      | Bucket B: 487      | 扫描次数 (A*B): 255,675     
  [Pairing] Bucket A: 525      | Bucket B: 469      | 扫描次数 (A*B): 246,225     
  [Pairing] Bucket A: 491      | Bucket B: 469      | 扫描次数 (A*B): 230,279     
  [Pairing] Bucket A: 491      | Bucket B: 502      | 扫描次数 (A*B): 246,482     
  [Pairing] Bucket A: 461      | Bucket B: 502      | 扫描次数 (A*B): 231,422     
  [Pairing] Bucket A: 487      | Bucket B: 502      | 扫描次数 (A*B): 244,474     
  [Pairing] Bucket A: 487      | Bucket B: 475      | 扫描次数 (A*B): 231,325     
  [Pairing] Bucket A: 519      | Bucket B: 475      | 扫描次数 (A*B): 246,525     
  [Pairing] Bucket A: 519      | Bucket B: 524      | 扫描次数 (A*B): 271,956     
  [Pairing] Bucket A: 510      | Bucket B: 524      | 扫描次数 (A*B): 267,240     
  [Pairing] Bucket A: 510      | Bucket B: 491      | 扫描次数 (A*B): 250,410     
  [Pairing] Bucket A: 512      | Bucket B: 491      | 扫描次数 (A*B): 251,392     
  [Pairing] Bucket A: 512      | Bucket B: 496      | 扫描次数 (A*B): 253,952     
  [Pairing] Bucket A: 486      | Bucket B: 496      | 扫描次数 (A*B): 241,056     
  [Pairing] Bucket A: 519      | Bucket B: 496      | 扫描次数 (A*B): 257,424     
  [Pairing] Bucket A: 519      | Bucket B: 529      | 扫描次数 (A*B): 274,551     
  [Pairing] Bucket A: 524      | Bucket B: 529      | 扫描次数 (A*B): 277,196     
  [Pairing] Bucket A: 524      | Bucket B: 506      | 扫描次数 (A*B): 265,144     
  [Pairing] Bucket A: 489      | Bucket B: 506      | 扫描次数 (A*B): 247,434     
  [Pairing] Bucket A: 489      | Bucket B: 485      | 扫描次数 (A*B): 237,165     
  [Pairing] Bucket A: 486      | Bucket B: 485      | 扫描次数 (A*B): 235,710     
  [Pairing] Bucket A: 511      | Bucket B: 485      | 扫描次数 (A*B): 247,835     
  [Pairing] Bucket A: 511      | Bucket B: 498      | 扫描次数 (A*B): 254,478     
  [Pairing] Bucket A: 513      | Bucket B: 498      | 扫描次数 (A*B): 255,474     
  [Pairing] Bucket A: 513      | Bucket B: 503      | 扫描次数 (A*B): 258,039     
  [Pairing] Bucket A: 501      | Bucket B: 503      | 扫描次数 (A*B): 252,003     
  [Pairing] Bucket A: 501      | Bucket B: 516      | 扫描次数 (A*B): 258,516     
  [Pairing] Bucket A: 499      | Bucket B: 516      | 扫描次数 (A*B): 257,484     
  [Pairing] Bucket A: 499      | Bucket B: 473      | 扫描次数 (A*B): 236,027     
  [Pairing] Bucket A: 468      | Bucket B: 473      | 扫描次数 (A*B): 221,364     
  [Pairing] Bucket A: 477      | Bucket B: 473      | 扫描次数 (A*B): 225,621     
  [Pairing] Bucket A: 477      | Bucket B: 485      | 扫描次数 (A*B): 231,345     
  [Pairing] Bucket A: 496      | Bucket B: 485      | 扫描次数 (A*B): 240,560     
  [Pairing] Bucket A: 496      | Bucket B: 506      | 扫描次数 (A*B): 250,976     
  [Pairing] Bucket A: 482      | Bucket B: 506      | 扫描次数 (A*B): 243,892     
  [Pairing] Bucket A: 482      | Bucket B: 522      | 扫描次数 (A*B): 251,604     
  [Pairing] Bucket A: 527      | Bucket B: 522      | 扫描次数 (A*B): 275,094     
  [Pairing] Bucket A: 497      | Bucket B: 522      | 扫描次数 (A*B): 259,434     
  [Pairing] Bucket A: 497      | Bucket B: 520      | 扫描次数 (A*B): 258,440     
  [Pairing] Bucket A: 490      | Bucket B: 520      | 扫描次数 (A*B): 254,800     
  [Pairing] Bucket A: 490      | Bucket B: 507      | 扫描次数 (A*B): 248,430     
  [Pairing] Bucket A: 494      | Bucket B: 507      | 扫描次数 (A*B): 250,458     
  [Pairing] Bucket A: 494      | Bucket B: 522      | 扫描次数 (A*B): 257,868     
  [Pairing] Bucket A: 502      | Bucket B: 522      | 扫描次数 (A*B): 262,044     
  [Pairing] Bucket A: 505      | Bucket B: 522      | 扫描次数 (A*B): 263,610     
  [Pairing] Bucket A: 505      | Bucket B: 477      | 扫描次数 (A*B): 240,885     
  [Pairing] Bucket A: 470      | Bucket B: 477      | 扫描次数 (A*B): 224,190     
  [Pairing] Bucket A: 470      | Bucket B: 445      | 扫描次数 (A*B): 209,150     
  [Pairing] Bucket A: 469      | Bucket B: 445      | 扫描次数 (A*B): 208,705     
  [Pairing] Bucket A: 469      | Bucket B: 509      | 扫描次数 (A*B): 238,721     
  [Pairing] Bucket A: 499      | Bucket B: 509      | 扫描次数 (A*B): 253,991     
  [Pairing] Bucket A: 499      | Bucket B: 503      | 扫描次数 (A*B): 250,997     
  [Pairing] Bucket A: 502      | Bucket B: 503      | 扫描次数 (A*B): 252,506     
  [Pairing] Bucket A: 502      | Bucket B: 492      | 扫描次数 (A*B): 246,984     
  [Pairing] Bucket A: 502      | Bucket B: 492      | 扫描次数 (A*B): 246,984     
  [Pairing] Bucket A: 447      | Bucket B: 492      | 扫描次数 (A*B): 219,924     
  [Pairing] Bucket A: 447      | Bucket B: 495      | 扫描次数 (A*B): 221,265     
  [Pairing] Bucket A: 463      | Bucket B: 495      | 扫描次数 (A*B): 229,185     
  [Pairing] Bucket A: 463      | Bucket B: 487      | 扫描次数 (A*B): 225,481     
  [Pairing] Bucket A: 476      | Bucket B: 487      | 扫描次数 (A*B): 231,812     
  [Pairing] Bucket A: 476      | Bucket B: 511      | 扫描次数 (A*B): 243,236     
  [Pairing] Bucket A: 505      | Bucket B: 511      | 扫描次数 (A*B): 258,055     
  [Pairing] Bucket A: 480      | Bucket B: 511      | 扫描次数 (A*B): 245,280     
  [Pairing] Bucket A: 480      | Bucket B: 490      | 扫描次数 (A*B): 235,200     
  [Pairing] Bucket A: 476      | Bucket B: 490      | 扫描次数 (A*B): 233,240     
  [Pairing] Bucket A: 476      | Bucket B: 513      | 扫描次数 (A*B): 244,188     
  [Pairing] Bucket A: 476      | Bucket B: 513      | 扫描次数 (A*B): 244,188     
  [Pairing] Bucket A: 476      | Bucket B: 460      | 扫描次数 (A*B): 218,960     
  [Pairing] Bucket A: 483      | Bucket B: 460      | 扫描次数 (A*B): 222,180     
  [Pairing] Bucket A: 519      | Bucket B: 460      | 扫描次数 (A*B): 238,740     
  [Pairing] Bucket A: 519      | Bucket B: 504      | 扫描次数 (A*B): 261,576     
  [Pairing] Bucket A: 501      | Bucket B: 504      | 扫描次数 (A*B): 252,504     
  [Pairing] Bucket A: 501      | Bucket B: 489      | 扫描次数 (A*B): 244,989     
  [Pairing] Bucket A: 464      | Bucket B: 489      | 扫描次数 (A*B): 226,896     
  [Pairing] Bucket A: 464      | Bucket B: 452      | 扫描次数 (A*B): 209,728     
  [Pairing] Bucket A: 454      | Bucket B: 452      | 扫描次数 (A*B): 205,208     
  [Pairing] Bucket A: 454      | Bucket B: 514      | 扫描次数 (A*B): 233,356     
  [Pairing] Bucket A: 505      | Bucket B: 514      | 扫描次数 (A*B): 259,570     
  [Pairing] Bucket A: 478      | Bucket B: 514      | 扫描次数 (A*B): 245,692     
  [Pairing] Bucket A: 478      | Bucket B: 481      | 扫描次数 (A*B): 229,918     
  [Pairing] Bucket A: 483      | Bucket B: 481      | 扫描次数 (A*B): 232,323     
  [Pairing] Bucket A: 483      | Bucket B: 487      | 扫描次数 (A*B): 235,221     
  [Pairing] Bucket A: 514      | Bucket B: 487      | 扫描次数 (A*B): 250,318     
  [Pairing] Bucket A: 514      | Bucket B: 489      | 扫描次数 (A*B): 251,346     
  [Pairing] Bucket A: 445      | Bucket B: 489      | 扫描次数 (A*B): 217,605     
  [Pairing] Bucket A: 445      | Bucket B: 493      | 扫描次数 (A*B): 219,385     
  [Pairing] Bucket A: 516      | Bucket B: 493      | 扫描次数 (A*B): 254,388     
  [Pairing] Bucket A: 478      | Bucket B: 493      | 扫描次数 (A*B): 235,654     
  [Pairing] Bucket A: 478      | Bucket B: 507      | 扫描次数 (A*B): 242,346     
  [Pairing] Bucket A: 514      | Bucket B: 507      | 扫描次数 (A*B): 260,598     
  [Pairing] Bucket A: 514      | Bucket B: 498      | 扫描次数 (A*B): 255,972     
  [Pairing] Bucket A: 497      | Bucket B: 498      | 扫描次数 (A*B): 247,506     
  [Pairing] Bucket A: 497      | Bucket B: 465      | 扫描次数 (A*B): 231,105     
  [Pairing] Bucket A: 469      | Bucket B: 465      | 扫描次数 (A*B): 218,085     
  [Pairing] Bucket A: 469      | Bucket B: 469      | 扫描次数 (A*B): 219,961     
  [Pairing] Bucket A: 475      | Bucket B: 469      | 扫描次数 (A*B): 222,775     
  [Pairing] Bucket A: 475      | Bucket B: 407      | 扫描次数 (A*B): 193,325     
  [Pairing] Bucket A: 456      | Bucket B: 407      | 扫描次数 (A*B): 185,592     
  [Pairing] Bucket A: 160      | Bucket B: 407      | 扫描次数 (A*B): 65,120      
>>> [Table_A ⨝ Table_B (Pipelined)] 累计扫描次数: 114,120,228 | 耗时: 7.2978 秒

======================================================================
 🏆 全局总扫描次数 (Grand Total): 114,120,228
 ⏱️  端到端总运行耗时 (Total Time): 7.5226 秒
======================================================================
